{"/Users/user/code/jest/ts_test/src/app/pass_checker/PaswordChecker.ts": {"path":"/Users/user/code/jest/ts_test/src/app/pass_checker/PaswordChecker.ts","statementMap":{"0":{"start":{"line":1,"column":0},"end":{"line":1,"column":null}},"1":{"start":{"line":2,"column":2},"end":{"line":2,"column":null}},"2":{"start":{"line":3,"column":2},"end":{"line":3,"column":null}},"3":{"start":{"line":4,"column":2},"end":{"line":4,"column":null}},"4":{"start":{"line":14,"column":38},"end":{"line":14,"column":40}},"5":{"start":{"line":15,"column":4},"end":{"line":15,"column":43}},"6":{"start":{"line":16,"column":4},"end":{"line":18,"column":5}},"7":{"start":{"line":17,"column":6},"end":{"line":17,"column":41}},"8":{"start":{"line":21,"column":4},"end":{"line":24,"column":6}},"9":{"start":{"line":12,"column":0},"end":{"line":12,"column":13}}},"fnMap":{"0":{"name":"(anonymous_0)","decl":{"start":{"line":1,"column":0},"end":{"line":1,"column":12}},"loc":{"start":{"line":1,"column":26},"end":{"line":5,"column":1}}},"1":{"name":"(anonymous_1)","decl":{"start":{"line":13,"column":9},"end":{"line":13,"column":22}},"loc":{"start":{"line":13,"column":39},"end":{"line":25,"column":3}}}},"branchMap":{"0":{"loc":{"start":{"line":1,"column":12},"end":{"line":1,"column":null}},"type":"binary-expr","locations":[{"start":{"line":1,"column":12},"end":{"line":1,"column":26}},{"start":{"line":1,"column":26},"end":{"line":1,"column":null}}]},"1":{"loc":{"start":{"line":16,"column":4},"end":{"line":18,"column":5}},"type":"if","locations":[{"start":{"line":16,"column":4},"end":{"line":18,"column":5}}]},"2":{"loc":{"start":{"line":22,"column":13},"end":{"line":22,"column":46}},"type":"cond-expr","locations":[{"start":{"line":22,"column":34},"end":{"line":22,"column":39}},{"start":{"line":22,"column":42},"end":{"line":22,"column":46}}]}},"s":{"0":1,"1":1,"2":1,"3":1,"4":2,"5":2,"6":2,"7":1,"8":2,"9":1},"f":{"0":1,"1":2},"b":{"0":[1,1],"1":[1],"2":[1,1]}}
}
